<?xml version="1.0" encoding="UTF-8"?>
<!-- Generated by org.testng.reporters.JUnitReportReporter -->
<testsuite skipped="0" hostname="DESKTOP-A4GLI97" name="com.test.Demo1" tests="1" failures="0" timestamp="08 Nov 2018 16:59:29 GMT" time="0.008" errors="0">
  <testcase name="a_Test" time="0.008" classname="com.test.Demo1"/>
</testsuite> <!-- com.test.Demo1 -->
