<?xml version="1.0" encoding="UTF-8"?>
<!-- Generated by org.testng.reporters.JUnitReportReporter -->
<testsuite skipped="0" hostname="DESKTOP-A4GLI97" name="com.test.Demo7" tests="1" failures="0" timestamp="08 Nov 2018 17:14:36 GMT" time="0.016" errors="0">
  <testcase name="parameter_Test" time="0.016" classname="com.test.Demo7"/>
</testsuite> <!-- com.test.Demo7 -->
