<?xml version="1.0" encoding="UTF-8"?>
<!-- Generated by org.testng.reporters.JUnitReportReporter -->
<testsuite skipped="0" hostname="DESKTOP-A4GLI97" name="com.test.Demo4" tests="13" failures="0" timestamp="25 Oct 2018 13:25:43 GMT" time="0.021" errors="0">
  <testcase name="c2_Test" time="0.001" classname="com.test.Demo4"/>
  <testcase name="a2_Test" time="0.007" classname="com.test.Demo4"/>
  <testcase name="b2_Test" time="0.002" classname="com.test.Demo4"/>
  <testcase name="e2_Test" time="0.001" classname="com.test.Demo4"/>
  <testcase name="f2_Test" time="0.002" classname="com.test.Demo4"/>
  <testcase name="d2_Test" time="0.001" classname="com.test.Demo4"/>
  <testcase name="underline_Test" time="0.001" classname="com.test.Demo4"/>
  <testcase name="c_Test" time="0.001" classname="com.test.Demo4"/>
  <testcase name="f_Test" time="0.001" classname="com.test.Demo4"/>
  <testcase name="e_Test" time="0.001" classname="com.test.Demo4"/>
  <testcase name="a_Test" time="0.001" classname="com.test.Demo4"/>
  <testcase name="b_Test" time="0.001" classname="com.test.Demo4"/>
  <testcase name="d_Test" time="0.001" classname="com.test.Demo4"/>
</testsuite> <!-- com.test.Demo4 -->
