<?xml version="1.0" encoding="UTF-8"?>
<!-- Generated by org.testng.reporters.JUnitReportReporter -->
<testsuite skipped="0" hostname="DESKTOP-A4GLI97" name="com.test.Demo6" tests="1" failures="0" timestamp="08 Nov 2018 17:03:42 GMT" time="0.001" errors="0">
  <testcase name="c_Test" time="0.001" classname="com.test.Demo6"/>
</testsuite> <!-- com.test.Demo6 -->
